npm warn Unknown user config "always-auth" (//registry.npmjs.org/:always-auth). This will stop working in the next major version of npm.
adapters/MSWidgetAdapter.ts(18,11): error TS2741: Property 'category' is missing in type '{ id: string; name: string; component: React.FC<{ widgetId: string; }>; defaultLayout: { w: number; h: number; }; source: "microsoft"; msWidgetData: MSWidget; }' but required in type 'WidgetDefinition'.
components/WidgetManagementPanel.tsx(41,30): error TS2339: Property 'filter' does not exist on type 'unknown'.
contexts/WidgetRegistryContext.tsx(21,11): error TS2430: Interface 'WidgetRegistryEntry' incorrectly extends interface 'WidgetDefinition'.
  Types of property 'source' are incompatible.
    Type '"builtin" | "dynamic" | "remote" | "marketplace"' is not assignable to type '"proprietary" | "microsoft"'.
      Type '"builtin"' is not assignable to type '"proprietary" | "microsoft"'.
contexts/WidgetRegistryContext.tsx(105,31): error TS2339: Property 'version' does not exist on type 'unknown'.
contexts/WidgetRegistryContext.tsx(127,33): error TS2698: Spread types may only be created from object types.
contexts/WidgetRegistryContext.tsx(193,15): error TS2339: Property 'metrics' does not exist on type 'unknown'.
contexts/WidgetRegistryContext.tsx(193,36): error TS2339: Property 'metrics' does not exist on type 'unknown'.
contexts/WidgetRegistryContext.tsx(208,15): error TS2339: Property 'enabled' does not exist on type 'unknown'.
src/utils/securityApi.ts(3,27): error TS2307: Cannot find module '../../../utils/mcpClient' or its corresponding type declarations.
src/utils/securityApi.ts(6,10): error TS2304: Cannot find name 'FeedSource'.
src/utils/securityApi.ts(7,19): error TS2304: Cannot find name 'PipelineStage'.
src/utils/securityApi.ts(8,24): error TS2304: Cannot find name 'NormalizedItem'.
src/utils/securityApi.ts(25,12): error TS2304: Cannot find name 'DEFAULT_FEED_PAYLOAD'.
src/utils/securityApi.ts(40,45): error TS2304: Cannot find name 'NormalizedItem'.
utils/permissionsApi.ts(16,96): error TS2345: Argument of type '{ body: { widgetId: string; resourceType: string; requiredLevel: "read" | "write"; }; }' is not assignable to parameter of type 'RequestInit & { body?: any; }'.
  Type '{ body: { widgetId: string; resourceType: string; requiredLevel: "read" | "write"; }; }' is not assignable to type 'RequestInit'.
    Types of property 'body' are incompatible.
      Type '{ widgetId: string; resourceType: string; requiredLevel: "read" | "write"; }' is not assignable to type 'BodyInit'.
utils/permissionsApi.ts(23,65): error TS2345: Argument of type '{ body: { resourceType: string; accessLevel: "none" | "read" | "write"; override: boolean; }; }' is not assignable to parameter of type 'RequestInit & { body?: any; }'.
  Type '{ body: { resourceType: string; accessLevel: "none" | "read" | "write"; override: boolean; }; }' is not assignable to type 'RequestInit'.
    Types of property 'body' are incompatible.
      Type '{ resourceType: string; accessLevel: "none" | "read" | "write"; override: boolean; }' is not assignable to type 'BodyInit'.
utils/permissionsApi.ts(29,60): error TS2345: Argument of type '{ body: { resourceType: string; accessLevel: "none" | "read" | "write"; }; }' is not assignable to parameter of type 'RequestInit & { body?: any; }'.
  Type '{ body: { resourceType: string; accessLevel: "none" | "read" | "write"; }; }' is not assignable to type 'RequestInit'.
    Types of property 'body' are incompatible.
      Type '{ resourceType: string; accessLevel: "none" | "read" | "write"; }' is not assignable to type 'BodyInit'.
widgets/DarkWebMonitorWidget.tsx(150,50): error TS2869: Right operand of ?? is unreachable because the left operand is never nullish.
widgets/KanbanWidget.tsx(2,24): error TS2307: Cannot find module '../hooks/useMCP' or its corresponding type declarations.
widgets/LocalScanWidget.tsx(3,23): error TS2307: Cannot find module '../components/ui/Input' or its corresponding type declarations.
widgets/LocalScanWidget.tsx(4,24): error TS2307: Cannot find module '../components/ui/Slider' or its corresponding type declarations.
widgets/LocalScanWidget.tsx(5,79): error TS2307: Cannot find module '../components/ui/Table' or its corresponding type declarations.
widgets/LocalScanWidget.tsx(6,24): error TS2307: Cannot find module '../../src/hooks/useMCP' or its corresponding type declarations.
widgets/LocalScanWidget.tsx(143,20): error TS2304: Cannot find name 'Badge'.
widgets/LocalScanWidget.tsx(145,21): error TS2304: Cannot find name 'Badge'.
widgets/NexusTerminalWidget.tsx(2,28): error TS2307: Cannot find module 'socket.io-client' or its corresponding type declarations.
